
> react-typescript-starter@0.1.0 test
> react-scripts test --coverage

PASS src/nested.test.ts
PASS src/arrays.test.ts
PASS src/objects.test.ts
PASS src/functions.test.ts
[0;33mOne of your dependencies, babel-preset-react-app, is importing the
"@babel/plugin-proposal-private-property-in-object" package without
declaring it in its dependencies. This is currently working because
"@babel/plugin-proposal-private-property-in-object" is already in your
node_modules folder for unrelated reasons, but it [1mmay break at any time[0;33m.

babel-preset-react-app is part of the create-react-app project, [1mwhich
is not maintianed anymore[0;33m. It is thus unlikely that this bug will
ever be fixed. Add "@babel/plugin-proposal-private-property-in-object" to
your devDependencies to work around this error. This will make this message
go away.[0m
  
PASS src/HtmlCss.test.tsx
PASS src/text.test.tsx
PASS src/App.test.tsx
----------------|---------|----------|---------|---------|-------------------
File            | % Stmts | % Branch | % Funcs | % Lines | Uncovered Line #s 
----------------|---------|----------|---------|---------|-------------------
All files       |   95.62 |    93.84 |     100 |    95.4 |                   
 src            |   95.62 |    93.84 |     100 |    95.4 |                   
  App.tsx       |     100 |      100 |     100 |     100 |                   
  arrays.ts     |   96.87 |      100 |     100 |   96.49 | 97,122            
  functions.ts  |   82.14 |    81.81 |     100 |   82.14 | 28,33-36,46       
  nested.ts     |     100 |      100 |     100 |     100 |                   
  objects.ts    |   96.42 |      100 |     100 |   96.42 | 94                
 src/interfaces |       0 |        0 |       0 |       0 |                   
  answer.ts     |       0 |        0 |       0 |       0 |                   
  question.ts   |       0 |        0 |       0 |       0 |                   
----------------|---------|----------|---------|---------|-------------------

Test Suites: 7 passed, 7 total
Tests:       52 passed, 52 total
Snapshots:   0 total
Time:        4.822 s
Ran all test suites.
